/home/graham/Documents/Modern TUI.py:59: DeprecationWarning: There is no current event loop
  loop = asyncio.get_event_loop()
[?1049h[?1000h[?1003h[?1015h[?1006h[?25l[?1004h[>1u[?2026$p[?2048$p[?2004h[?7l[?1000h[?1003h[?1015h[?1006h]22;default[1;1H[7;38;2;25;25;25;48;2;18;18;18m▊[0m[38;2;25;25;25;48;2;30;30;30m▔▔▔▔▔▔▔[0m[38;2;25;25;25;48;2;30;30;30m▔▔▔▔▔▔▔▔▔▔▔▔▔▔▔▔▔▔▔▔▔▔▔▔▔▔▔▔▔▔▔▔▔▔▔▔▔▔▔▔▔▔▔▔▔▔▔▔▔▔▔▔▔▔▔▔▔▔▔▔▔▔▔▔▔▔▔▔▔▔▔▔▔▔▔▔▔▔▔▔▔▔▔▔▔▔▔▔▔▔▔▔▔▔▔▔▔▔▔▔▔▔▔▔▔▔▔▔▔▔▔▔▔▔▔▔▔▔▔▔▔▔▔▔▔▔▔▔▔▔▔▔▔▔▔▔▔▔▔▔▔▔▔▔▔▔▔▔▔▔▔▔▔[0m[38;2;25;25;25;48;2;30;30;30m▔▔▔▔▔▔▔▔▔[0m[38;2;25;25;25;48;2;18;18;18m▎[0m
[2;1H[7;38;2;25;25;25;48;2;18;18;18m▊[0m[48;2;30;30;30m  [0m[38;2;115;115;115;48;2;30;30;30mType a message (or YouTube URL)...[0m[38;2;224;224;224;48;2;30;30;30m                                        [0m[38;2;224;224;224;48;2;30;30;30m                                                                             [0m[38;2;224;224;224;48;2;30;30;30m              [0m[48;2;30;30;30m  [0m[38;2;25;25;25;48;2;18;18;18m▎[0m
[3;1H[7;38;2;25;25;25;48;2;18;18;18m▊[0m[38;2;25;25;25;48;2;30;30;30m▁▁▁▁▁▁▁▁▁▁▁▁▁▁▁▁▁▁▁▁▁▁▁▁▁▁▁▁▁▁▁▁▁▁▁▁▁▁▁▁[0m[38;2;25;25;25;48;2;30;30;30m▁▁▁▁▁▁▁▁▁▁▁▁▁▁▁▁▁▁▁▁▁▁▁▁▁▁▁▁▁▁▁▁▁▁▁▁▁▁▁▁▁▁▁▁▁▁▁▁▁▁▁▁▁▁▁▁▁▁▁▁▁▁▁▁▁▁▁▁▁▁▁▁▁▁▁▁▁▁▁▁▁▁▁▁▁▁▁▁▁▁▁▁▁▁▁▁▁▁▁▁▁▁▁▁▁▁▁▁▁▁▁▁▁▁▁▁▁▁▁▁▁▁▁▁▁▁▁▁▁[0m[38;2;25;25;25;48;2;18;18;18m▎[0m
[4;1H[38;2;109;178;255;48;2;1;120;212m▔▔▔▔▔▔▔▔▔▔▔▔▔▔▔▔[0m[38;2;45;45;45;48;2;30;30;30m▔▔▔▔▔▔▔▔▔▔▔▔▔▔▔▔▔▔[0m[48;2;18;18;18m                                                                                                                                         [0m
[5;1H[48;2;1;120;212m     [0m[1;38;2;221;237;249;48;2;1;120;212m Send [0m[48;2;1;120;212m     [0m[1;38;2;224;224;224;48;2;30;30;30m Send to Selected [0m[48;2;18;18;18m                                                                                                                                         [0m
[6;1H[38;2;0;66;149;48;2;1;120;212m▁▁▁▁▁▁▁▁▁▁▁▁▁▁▁▁[0m[38;2;13;13;13;48;2;30;30;30m▁▁▁▁▁▁▁▁▁▁▁▁▁▁▁▁▁▁[0m[48;2;18;18;18m                                                                                                                                         [0m
[7;1H[48;2;18;18;18m                                                                                                                                                                           [0m
[8;1H[48;2;18;18;18m                                                                                                                                                                           [0m
[9;1H[48;2;18;18;18m                                                                                                                                                                           [0m
[10;1H[48;2;18;18;18m                                                                                                                                                                           [0m
[11;1H[48;2;18;18;18m                                                                                                                                                                           [0m
[12;1H[48;2;18;18;18m                                                                                                                                                                           [0m
[13;1H[48;2;18;18;18m                                                                                                                                                                           [0m
[14;1H[48;2;18;18;18m                                                                                                                                                                           [0m
[15;1H[48;2;18;18;18m                                                                                                                                                                           [0m
[16;1H[48;2;18;18;18m                                                                                                                                                                           [0m
[17;1H[48;2;36;47;56m                                                                                                                                                                           [0m[2;5H[1;1H[7;38;2;25;25;25;48;2;18;18;18m▊[0m[38;2;25;25;25;48;2;30;30;30m▔▔▔▔▔▔▔[0m[38;2;25;25;25;48;2;30;30;30m▔▔▔▔▔▔▔▔▔▔▔▔▔▔▔▔▔▔▔▔▔▔▔▔▔▔▔▔▔▔▔▔▔▔▔▔▔▔▔▔▔▔▔▔▔▔▔▔▔▔▔▔▔▔▔▔▔▔▔▔▔▔▔▔▔▔▔▔▔▔▔▔▔▔▔▔▔▔▔▔▔▔▔▔▔▔▔▔▔▔▔▔▔▔▔▔▔▔▔▔▔▔▔▔▔▔▔▔▔▔▔▔▔▔▔▔▔▔▔▔▔▔▔▔▔▔▔▔▔▔▔▔▔▔▔▔▔▔▔▔▔▔▔▔▔▔▔▔▔▔▔[0m[38;2;25;25;25;48;2;30;30;30m▔▔▔▔▔▔▔▔▔[0m[38;2;25;25;25;48;2;18;18;18m▎[0m[7;38;2;0;48;84;48;2;18;18;18m  [0m
[2;1H[7;38;2;25;25;25;48;2;18;18;18m▊[0m[48;2;30;30;30m  [0m[38;2;115;115;115;48;2;30;30;30mType a message (or YouTube URL)...[0m[38;2;224;224;224;48;2;30;30;30m                                       [0m[38;2;224;224;224;48;2;30;30;30m                                                                            [0m[38;2;224;224;224;48;2;30;30;30m              [0m[48;2;30;30;30m  [0m[38;2;25;25;25;48;2;18;18;18m▎[0m[7;38;2;0;48;84;48;2;18;18;18m  [0m
[3;1H[7;38;2;25;25;25;48;2;18;18;18m▊[0m[38;2;25;25;25;48;2;30;30;30m▁▁▁▁▁▁▁▁▁▁▁▁▁▁▁▁▁▁▁▁▁▁▁▁▁▁▁▁▁▁▁▁▁▁▁▁▁▁▁[0m[38;2;25;25;25;48;2;30;30;30m▁▁▁▁▁▁▁▁▁▁▁▁▁▁▁▁▁▁▁▁▁▁▁▁▁▁▁▁▁▁▁▁▁▁▁▁▁▁▁▁▁▁▁▁▁▁▁▁▁▁▁▁▁▁▁▁▁▁▁▁▁▁▁▁▁▁▁▁▁▁▁▁▁▁▁▁▁▁▁▁▁▁▁▁▁▁▁▁▁▁▁▁▁▁▁▁▁▁▁▁▁▁▁▁▁▁▁▁▁▁▁▁▁▁▁▁▁▁▁▁▁▁▁▁▁▁▁▁[0m[38;2;25;25;25;48;2;18;18;18m▎[0m[7;38;2;0;48;84;48;2;18;18;18m  [0m
[4;1H[38;2;109;178;255;48;2;1;120;212m▔▔▔▔▔▔▔▔▔▔▔▔▔▔▔▔[0m[38;2;45;45;45;48;2;30;30;30m▔▔▔▔▔▔▔▔▔▔▔▔▔▔▔▔▔▔[0m[48;2;18;18;18m                                                                                                                                       [0m[7;38;2;0;48;84;48;2;18;18;18m  [0m
[5;1H[48;2;1;120;212m     [0m[1;38;2;221;237;249;48;2;1;120;212m Send [0m[48;2;1;120;212m     [0m[1;38;2;224;224;224;48;2;30;30;30m Send to Selected [0m[48;2;18;18;18m                                                                                                                                       [0m[7;38;2;0;48;84;48;2;18;18;18m  [0m
[6;1H[38;2;0;66;149;48;2;1;120;212m▁▁▁▁▁▁▁▁▁▁▁▁▁▁▁▁[0m[38;2;13;13;13;48;2;30;30;30m▁▁▁▁▁▁▁▁▁▁▁▁▁▁▁▁▁▁[0m[48;2;18;18;18m                                                                                                                                       [0m[7;38;2;0;48;84;48;2;18;18;18m  [0m
[7;1H[48;2;18;18;18m                                                                                                                                                                         [0m[7;38;2;0;48;84;48;2;18;18;18m  [0m
[8;1H[48;2;18;18;18m                                                                                                                                                                         [0m[7;38;2;0;48;84;48;2;18;18;18m  [0m
[9;1H[48;2;18;18;18m                                                                                                                                                                         [0m[7;38;2;0;48;84;48;2;18;18;18m  [0m
[10;1H[48;2;18;18;18m                                                                                                                                                                         [0m[7;38;2;0;48;84;48;2;18;18;18m  [0m
[11;1H[48;2;18;18;18m                                                                                                                                                                         [0m[7;38;2;0;48;84;48;2;18;18;18m  [0m
[12;1H[48;2;18;18;18m                                                                                                                                                                         [0m[7;38;2;0;48;84;48;2;18;18;18m  [0m
[13;1H[48;2;18;18;18m                                                                                                                                                                         [0m[7;38;2;0;48;84;48;2;18;18;18m  [0m
[14;1H[48;2;18;18;18m                                                                                                                                                                         [0m[7;38;2;0;48;84;48;2;18;18;18m  [0m
[15;1H[48;2;18;18;18m                                                                                                                                                                         [0m[7;38;2;0;48;84;48;2;0;0;0m▄▄[0m
[16;1H[48;2;18;18;18m                                                                                                                                                                         [0m[38;2;224;224;224;48;2;0;0;0m  [0m
[17;1H[48;2;36;47;56m                                                                                                                                                                         [0m[38;2;224;224;224;48;2;0;0;0m  [0m[2;5H[1;1H[7;38;2;25;25;25;48;2;18;18;18m▊[0m[38;2;25;25;25;48;2;30;30;30m▔▔▔▔▔▔▔[0m[1;9H[38;2;25;25;25;48;2;30;30;30m▔▔▔▔▔▔▔▔▔▔▔▔▔▔▔▔▔▔▔▔▔▔▔▔▔▔▔▔▔▔▔▔▔▔▔▔▔▔▔▔▔▔▔▔▔▔▔▔▔▔▔▔▔▔▔▔▔▔▔▔▔▔▔▔▔▔▔▔▔▔▔▔▔▔▔▔▔▔▔▔▔▔▔▔▔▔▔▔▔▔▔▔▔▔▔▔▔▔▔▔▔▔▔▔▔▔▔▔▔▔▔▔▔▔▔▔▔▔▔▔▔▔▔▔▔▔▔▔▔▔▔▔▔▔▔▔▔▔▔▔▔▔▔▔▔▔▔▔▔▔▔[0m[1;160H[38;2;25;25;25;48;2;30;30;30m▔▔▔▔▔▔▔▔▔[0m[38;2;25;25;25;48;2;18;18;18m▎[0m[1;170H[7;38;2;0;48;84;48;2;18;18;18m  [0m
[2;1H[7;38;2;25;25;25;48;2;18;18;18m▊[0m[48;2;30;30;30m  [0m[38;2;115;115;115;48;2;30;30;30mType a message (or YouTube URL)...[0m[38;2;224;224;224;48;2;30;30;30m                                                                                                                   [0m[2;153H[38;2;224;224;224;48;2;30;30;30m              [0m[48;2;30;30;30m  [0m[38;2;25;25;25;48;2;18;18;18m▎[0m[2;170H[7;38;2;0;48;84;48;2;18;18;18m  [0m
[3;1H[7;38;2;25;25;25;48;2;18;18;18m▊[0m[38;2;25;25;25;48;2;30;30;30m▁▁▁▁▁▁▁▁▁▁▁▁▁▁▁▁▁▁▁▁▁▁▁▁▁▁▁▁▁▁▁▁▁▁▁▁▁▁▁[0m[3;41H[38;2;25;25;25;48;2;30;30;30m▁▁▁▁▁▁▁▁▁▁▁▁▁▁▁▁▁▁▁▁▁▁▁▁▁▁▁▁▁▁▁▁▁▁▁▁▁▁▁▁▁▁▁▁▁▁▁▁▁▁▁▁▁▁▁▁▁▁▁▁▁▁▁▁▁▁▁▁▁▁▁▁▁▁▁▁▁▁▁▁▁▁▁▁▁▁▁▁▁▁▁▁▁▁▁▁▁▁▁▁▁▁▁▁▁▁▁▁▁▁▁▁▁▁▁▁▁▁▁▁▁▁▁▁▁▁▁▁[0m[38;2;25;25;25;48;2;18;18;18m▎[0m[3;170H[7;38;2;0;48;84;48;2;18;18;18m  [0m
[4;1H[38;2;109;178;255;48;2;1;120;212m▔▔▔▔▔▔▔▔▔▔▔▔▔▔▔▔[0m[4;17H[38;2;45;45;45;48;2;39;39;39m▔▔▔▔▔▔▔▔▔▔▔▔▔▔▔▔▔▔[0m[4;35H[48;2;18;18;18m                                                                                                                                       [0m[4;170H[7;38;2;0;48;84;48;2;18;18;18m  [0m
[5;1H[48;2;1;120;212m     [0m[1;38;2;221;237;249;48;2;1;120;212m Send [0m[48;2;1;120;212m     [0m[5;17H[1;7;38;2;224;224;224;48;2;39;39;39m Send to Selected [0m[5;35H[48;2;18;18;18m                                                                                                                                       [0m[5;170H[7;38;2;0;48;84;48;2;18;18;18m  [0m
[6;1H[38;2;0;66;149;48;2;1;120;212m▁▁▁▁▁▁▁▁▁▁▁▁▁▁▁▁[0m[6;17H[38;2;13;13;13;48;2;39;39;39m▁▁▁▁▁▁▁▁▁▁▁▁▁▁▁▁▁▁[0m[6;35H[48;2;18;18;18m                                                                                                                                       [0m[6;170H[7;38;2;0;48;84;48;2;18;18;18m  [0m
[7;1H[48;2;18;18;18m                                                                                                                                                                         [0m[7;170H[7;38;2;0;48;84;48;2;18;18;18m  [0m
[8;1H[48;2;18;18;18m                                                                                                                                                                         [0m[8;170H[7;38;2;0;48;84;48;2;18;18;18m  [0m
[9;1H[48;2;18;18;18m                                                                                                                                                                         [0m[9;170H[7;38;2;0;48;84;48;2;18;18;18m  [0m
[10;1H[48;2;18;18;18m                                                                                                                                                                         [0m[10;170H[7;38;2;0;48;84;48;2;18;18;18m  [0m
[11;1H[48;2;18;18;18m                                                                                                                                                                         [0m[11;170H[7;38;2;0;48;84;48;2;18;18;18m  [0m
[12;1H[48;2;18;18;18m                                                                                                                                                                         [0m[12;170H[7;38;2;0;48;84;48;2;18;18;18m  [0m
[13;1H[48;2;18;18;18m                                                                                                                                                                         [0m[13;170H[7;38;2;0;48;84;48;2;18;18;18m  [0m
[14;1H[48;2;18;18;18m                                                                                                                                                                         [0m[14;170H[7;38;2;0;48;84;48;2;18;18;18m  [0m
[15;1H[48;2;18;18;18m                                                                                                                                                                         [0m[15;170H[7;38;2;0;48;84;48;2;0;0;0m▄▄[0m
[16;1H[48;2;18;18;18m                                                                                                                                                                         [0m[16;170H[38;2;224;224;224;48;2;0;0;0m  [0m
[17;1H[48;2;36;47;56m                                                                                                                                                                         [0m[17;170H[38;2;224;224;224;48;2;0;0;0m  [0m[2;5H[1;1H[7;38;2;25;25;25;48;2;18;18;18m▊[0m[38;2;25;25;25;48;2;30;30;30m▔▔▔▔▔▔▔[0m[38;2;25;25;25;48;2;30;30;30m▔▔▔▔▔▔▔▔▔▔▔▔▔▔▔▔▔▔▔▔▔▔▔▔▔▔▔▔▔▔▔▔▔▔▔▔▔▔▔▔▔▔▔▔▔▔▔▔▔▔▔▔▔▔▔▔▔▔▔▔▔▔▔▔▔▔▔▔▔▔▔▔▔▔▔▔▔▔▔▔▔▔▔▔▔▔▔▔▔▔▔▔▔▔▔▔▔▔▔▔▔▔▔▔▔▔▔▔▔▔▔▔▔▔▔▔▔▔▔▔▔▔▔▔▔▔▔▔▔▔▔▔▔▔▔▔▔▔▔▔▔▔▔▔▔▔▔▔▔▔▔[0m[38;2;25;25;25;48;2;30;30;30m▔▔▔▔▔▔▔▔▔[0m[38;2;25;25;25;48;2;18;18;18m▎[0m[7;38;2;0;48;84;48;2;18;18;18m  [0m
[2;1H[7;38;2;25;25;25;48;2;18;18;18m▊[0m[48;2;30;30;30m  [0m[38;2;115;115;115;48;2;30;30;30mType a message (or YouTube URL)...[0m[38;2;224;224;224;48;2;30;30;30m                                                                                                                   [0m[38;2;224;224;224;48;2;30;30;30m              [0m[48;2;30;30;30m  [0m[38;2;25;25;25;48;2;18;18;18m▎[0m[7;38;2;0;48;84;48;2;18;18;18m  [0m
[3;1H[7;38;2;25;25;25;48;2;18;18;18m▊[0m[38;2;25;25;25;48;2;30;30;30m▁▁▁▁▁▁▁▁▁▁▁▁▁▁▁▁▁▁▁▁▁▁▁▁▁▁▁▁▁▁▁▁▁▁▁▁▁▁▁[0m[38;2;25;25;25;48;2;30;30;30m▁▁▁▁▁▁▁▁▁▁▁▁▁▁▁▁▁▁▁▁▁▁▁▁▁▁▁▁▁▁▁▁▁▁▁▁▁▁▁▁▁▁▁▁▁▁▁▁▁▁▁▁▁▁▁▁▁▁▁▁▁▁▁▁▁▁▁▁▁▁▁▁▁▁▁▁▁▁▁▁▁▁▁▁▁▁▁▁▁▁▁▁▁▁▁▁▁▁▁▁▁▁▁▁▁▁▁▁▁▁▁▁▁▁▁▁▁▁▁▁▁▁▁▁▁▁▁▁[0m[38;2;25;25;25;48;2;18;18;18m▎[0m[7;38;2;0;48;84;48;2;18;18;18m  [0m
[4;1H[38;2;109;178;255;48;2;1;120;212m▔▔▔▔▔▔▔▔▔▔▔▔▔▔▔▔[0m[38;2;45;45;45;48;2;39;39;39m▔▔▔▔▔▔▔▔▔▔▔▔▔▔▔▔▔▔[0m[48;2;18;18;18m                                                                                                                                       [0m[7;38;2;0;48;84;48;2;18;18;18m  [0m
[5;1H[48;2;1;120;212m     [0m[1;38;2;221;237;249;48;2;1;120;212m Send [0m[48;2;1;120;212m     [0m[1;7;38;2;224;224;224;48;2;39;39;39m Send to Selected [0m[48;2;18;18;18m                                                                                                                                       [0m[7;38;2;0;48;84;48;2;18;18;18m  [0m
[6;1H[38;2;0;66;149;48;2;1;120;212m▁▁▁▁▁▁▁▁▁▁▁▁▁▁▁▁[0m[38;2;13;13;13;48;2;39;39;39m▁▁▁▁▁▁▁▁▁▁▁▁▁▁▁▁▁▁[0m[48;2;18;18;18m                                                                                                                                       [0m[7;38;2;0;48;84;48;2;18;18;18m  [0m
[7;1H[48;2;18;18;18m                                                                                                                                                                         [0m[7;38;2;0;48;84;48;2;18;18;18m  [0m
[8;1H[48;2;18;18;18m                                                                                                                                                                         [0m[7;38;2;0;48;84;48;2;18;18;18m  [0m
[9;1H[48;2;18;18;18m                                                                                                                                                                         [0m[7;38;2;0;48;84;48;2;18;18;18m  [0m
[10;1H[48;2;18;18;18m                                                                                                                                                                         [0m[7;38;2;0;48;84;48;2;18;18;18m  [0m
[11;1H[48;2;18;18;18m                                                                                                                                                                         [0m[7;38;2;0;48;84;48;2;18;18;18m  [0m
[12;1H[48;2;18;18;18m                                                                                                                                                                         [0m[7;38;2;0;48;84;48;2;18;18;18m  [0m
[13;1H[48;2;18;18;18m                                                                                                                                                                         [0m[7;38;2;0;48;84;48;2;18;18;18m  [0m
[14;1H[48;2;18;18;18m                                                                                                                                                                         [0m[7;38;2;0;48;84;48;2;18;18;18m  [0m
[15;1H[48;2;18;18;18m                                                                                                                                                                         [0m[7;38;2;0;48;84;48;2;0;0;0m▄▄[0m
[16;1H[48;2;18;18;18m                                                                                                                                                                         [0m[38;2;224;224;224;48;2;0;0;0m  [0m
[17;1H[48;2;36;47;56m                                                                                                                                                                         [0m[38;2;224;224;224;48;2;0;0;0m  [0m[2;5H[2;1H[7;38;2;25;25;25;48;2;18;18;18m▊[0m[48;2;30;30;30m  [0m[38;2;115;115;115;48;2;30;30;30mType a message (or YouTube URL)...[0m[38;2;224;224;224;48;2;30;30;30m                                                                                                                   [0m[2;153H
[17;1H[48;2;36;47;56m                                                                                                                                                             [0m[17;158H[38;2;73;82;89;48;2;36;47;56m▏[0m[1;38;2;255;166;43;48;2;36;47;56m^p[0m[38;2;224;224;224;48;2;36;47;56m palette[0m[48;2;36;47;56m [0m[17;170H[2;5H[17;1H[48;2;36;47;56m                                                                                                                                                             [0m[17;158H[38;2;73;82;89;48;2;36;47;56m▏[0m[1;38;2;255;166;43;48;2;36;47;56m^p[0m[38;2;224;224;224;48;2;36;47;56m palette[0m[48;2;36;47;56m [0m[17;170H[2;5H[17;158H[38;2;73;82;89;48;2;36;47;56m▏[0m[1;38;2;255;166;43;48;2;36;47;56m^p[0m[38;2;224;224;224;48;2;36;47;56m palette[0m[48;2;36;47;56m [0m[17;170H[2;5H[13;108H[38;2;78;191;113;48;2;52;63;73m▌[0m[48;2;52;63;73m                                                           [0m[13;168H
[14;108H[38;2;78;191;113;48;2;52;63;73m▌[0m[48;2;52;63;73m [0m[1;38;2;138;212;161;48;2;52;63;73mDo you want to quit?[0m[48;2;52;63;73m                                     [0m[48;2;52;63;73m [0m[14;168H
[15;108H[38;2;78;191;113;48;2;52;63;73m▌[0m[48;2;52;63;73m [0m[38;2;224;224;224;48;2;52;63;73mPress [0m[1;38;2;224;224;224;48;2;52;63;73mctrl+q[0m[38;2;224;224;224;48;2;52;63;73m to quit the app[0m[48;2;52;63;73m                             [0m[48;2;52;63;73m [0m[15;168H
[16;108H[38;2;78;191;113;48;2;52;63;73m▌[0m[48;2;52;63;73m                                                           [0m[16;168H[2;5H[13;108H[38;2;78;191;113;48;2;52;63;73m▌[0m[48;2;52;63;73m                                                           [0m[13;168H
[14;108H[38;2;78;191;113;48;2;52;63;73m▌[0m[48;2;52;63;73m [0m[1;38;2;138;212;161;48;2;52;63;73mDo you want to quit?[0m[48;2;52;63;73m                                     [0m[48;2;52;63;73m [0m[14;168H
[15;108H[38;2;78;191;113;48;2;52;63;73m▌[0m[48;2;52;63;73m [0m[38;2;224;224;224;48;2;52;63;73mPress [0m[1;38;2;224;224;224;48;2;52;63;73mctrl+q[0m[38;2;224;224;224;48;2;52;63;73m to quit the app[0m[48;2;52;63;73m                             [0m[48;2;52;63;73m [0m[15;168H
[16;108H[38;2;78;191;113;48;2;52;63;73m▌[0m[48;2;52;63;73m                                                           [0m[16;168H[2;5H[13;1H[48;2;18;18;18m                                                                                                                                                                       [0m
[14;1H[48;2;18;18;18m                                                                                                                                                                       [0m
[15;1H[48;2;18;18;18m                                                                                                                                                                       [0m
[16;1H[48;2;18;18;18m                                                                                                                                                                       [0m[2;5H