[?1049h[?1000h[?1003h[?1015h[?1006h[?25l[?1004h[>1u[?2026$p[?2048$p[?2004h[?7l[?1000h[?1003h[?1015h[?1006h]22;default[?2026h[1;1H[48;2;11;11;11m [0m[38;2;45;45;45;48;2;21;21;21m▔▔▔▔▔▔▔▔▔▔▔▔▔▔▔▔[0m[48;2;11;11;11m [0m[38;2;45;45;45;48;2;11;11;11m▔▔▔▔▔▔▔▔▔▔▔▔▔▔▔▔[0m[48;2;11;11;11m                                              [0m
[2;1H[48;2;11;11;11m [0m[48;2;21;21;21m      [0m[1;7;38;2;0;215;255;48;2;21;21;21m H [0m[48;2;21;21;21m       [0m[48;2;11;11;11m [0m[48;2;11;11;11m      [0m[1;38;2;102;102;102;48;2;11;11;11m C [0m[48;2;11;11;11m       [0m[48;2;11;11;11m                                              [0m
[3;1H[48;2;11;11;11m [0m[38;2;13;13;13;48;2;21;21;21m▁▁▁▁▁▁▁▁▁▁▁▁▁▁▁▁[0m[48;2;11;11;11m [0m[38;2;13;13;13;48;2;11;11;11m▁▁▁▁▁▁▁▁▁▁▁▁▁▁▁▁[0m[48;2;11;11;11m                                              [0m
[4;1H[48;2;11;11;11m            [0m[48;2;11;11;11m                                                        [0m[48;2;11;11;11m            [0m
[5;1H[48;2;11;11;11m            [0m[48;2;11;11;11m                                                        [0m[48;2;11;11;11m            [0m
[6;1H[48;2;11;11;11m            [0m[48;2;11;11;11m    [0m[1;38;2;230;230;230;48;2;11;11;11mirir[0m[48;2;11;11;11m                                            [0m[48;2;11;11;11m    [0m[48;2;11;11;11m            [0m
[7;1H[48;2;11;11;11m            [0m[48;2;11;11;11m    [0m[48;2;11;11;11m            [0m[48;2;11;11;11m                                    [0m[48;2;11;11;11m    [0m[48;2;11;11;11m            [0m
[8;1H[48;2;11;11;11m            [0m[48;2;11;11;11m    [0m[38;2;140;140;140;48;2;11;11;11mAI assistant[0m[48;2;11;11;11m                                    [0m[48;2;11;11;11m    [0m[48;2;11;11;11m            [0m
[9;1H[48;2;11;11;11m            [0m[48;2;11;11;11m    [0m[48;2;11;11;11m                                                [0m[48;2;11;11;11m    [0m[48;2;11;11;11m            [0m
[10;1H[48;2;11;11;11m            [0m[48;2;11;11;11m    [0m[38;2;181;181;181;48;2;11;11;11mAsk anything, summarize YouTube, or compare mode[0m[48;2;11;11;11m    [0m[48;2;11;11;11m            [0m
[11;1H[48;2;11;11;11m            [0m[48;2;11;11;11m    [0m[48;2;11;11;11m                                              [0m[48;2;11;11;11m  [0m[48;2;11;11;11m    [0m[48;2;11;11;11m            [0m
[12;1H[48;2;11;11;11m            [0m[48;2;11;11;11m    [0m[38;2;138;138;138;48;2;11;11;11mtab agents    ctrl+p commands    esc interrupt[0m[48;2;11;11;11m  [0m[48;2;11;11;11m    [0m[48;2;11;11;11m            [0m
[13;1H[48;2;11;11;11m            [0m[48;2;11;11;11m    [0m[48;2;11;11;11m                                                [0m[48;2;11;11;11m    [0m[48;2;11;11;11m            [0m
[14;1H[48;2;11;11;11m            [0m[48;2;11;11;11m    [0m[48;2;11;11;11m                                                [0m[48;2;11;11;11m    [0m[48;2;11;11;11m            [0m
[15;1H[48;2;11;11;11m            [0m[48;2;11;11;11m    [0m[48;2;11;11;11m                                                [0m[48;2;11;11;11m    [0m[48;2;11;11;11m            [0m
[16;1H[48;2;11;11;11m            [0m[48;2;11;11;11m    [0m[48;2;11;11;11m                                                [0m[48;2;11;11;11m    [0m[48;2;11;11;11m            [0m
[17;1H[48;2;11;11;11m            [0m[48;2;11;11;11m    [0m[48;2;11;11;11m                                                [0m[48;2;11;11;11m    [0m[48;2;11;11;11m            [0m
[18;1H[48;2;11;11;11m            [0m[48;2;11;11;11m    [0m[48;2;11;11;11m                                                [0m[48;2;11;11;11m    [0m[48;2;11;11;11m            [0m
[19;1H[48;2;11;11;11m            [0m[48;2;11;11;11m    [0m[48;2;11;11;11m                                                [0m[48;2;11;11;11m    [0m[48;2;11;11;11m            [0m
[20;1H[48;2;11;11;11m            [0m[48;2;11;11;11m    [0m[48;2;11;11;11m                                                [0m[48;2;11;11;11m    [0m[48;2;11;11;11m            [0m
[21;1H[48;2;11;11;11m            [0m[48;2;11;11;11m    [0m[48;2;11;11;11m                                                [0m[48;2;11;11;11m    [0m[48;2;11;11;11m            [0m
[22;1H[48;2;11;11;11m            [0m[48;2;11;11;11m    [0m[48;2;11;11;11m                                                [0m[48;2;11;11;11m    [0m[48;2;11;11;11m            [0m
[23;1H[48;2;11;11;11m            [0m[48;2;11;11;11m                                                        [0m[48;2;11;11;11m            [0m
[24;1H[48;2;11;11;11m            [0m[48;2;11;11;11m                                                        [0m[48;2;11;11;11m            [0m[2;5H[?2026l[?2026h[1;1H[48;2;11;11;11m [0m[1;2H[38;2;45;45;45;48;2;21;21;21m▔▔▔▔▔▔▔▔▔▔▔▔▔▔▔▔[0m[1;18H[48;2;11;11;11m [0m[1;19H[38;2;45;45;45;48;2;11;11;11m▔▔▔▔▔▔▔▔▔▔▔▔▔▔▔▔[0m[1;35H[48;2;11;11;11m                                              [0m
[2;1H[48;2;11;11;11m [0m[2;2H[48;2;21;21;21m      [0m[1;7;38;2;0;215;255;48;2;21;21;21m H [0m[48;2;21;21;21m       [0m[2;18H[48;2;11;11;11m [0m[2;19H[48;2;11;11;11m      [0m[1;38;2;102;102;102;48;2;11;11;11m C [0m[48;2;11;11;11m       [0m[2;35H[48;2;11;11;11m                                              [0m
[3;1H[48;2;11;11;11m [0m[3;2H[38;2;13;13;13;48;2;21;21;21m▁▁▁▁▁▁▁▁▁▁▁▁▁▁▁▁[0m[3;18H[48;2;11;11;11m [0m[3;19H[38;2;13;13;13;48;2;11;11;11m▁▁▁▁▁▁▁▁▁▁▁▁▁▁▁▁[0m[3;35H[48;2;11;11;11m                                              [0m
[4;1H[48;2;11;11;11m            [0m[4;13H[48;2;11;11;11m                                                        [0m[4;69H[48;2;11;11;11m            [0m
[5;1H[48;2;11;11;11m            [0m[5;13H[48;2;11;11;11m                                                        [0m[5;69H[48;2;11;11;11m            [0m
[6;1H[48;2;11;11;11m            [0m[6;13H[48;2;11;11;11m    [0m[6;17H[1;38;2;230;230;230;48;2;11;11;11mirir[0m[6;21H[48;2;11;11;11m                                            [0m[48;2;11;11;11m    [0m[6;69H[48;2;11;11;11m            [0m
[7;1H[48;2;11;11;11m            [0m[7;13H[48;2;11;11;11m    [0m[7;17H[48;2;11;11;11m            [0m[7;29H[48;2;11;11;11m                                    [0m[48;2;11;11;11m    [0m[7;69H[48;2;11;11;11m            [0m
[8;1H[48;2;11;11;11m            [0m[8;13H[48;2;11;11;11m    [0m[8;17H[38;2;140;140;140;48;2;11;11;11mAI assistant[0m[8;29H[48;2;11;11;11m                                    [0m[48;2;11;11;11m    [0m[8;69H[48;2;11;11;11m            [0m
[9;1H[48;2;11;11;11m            [0m[9;13H[48;2;11;11;11m    [0m[9;17H[48;2;11;11;11m                                                [0m[9;65H[48;2;11;11;11m    [0m[9;69H[48;2;11;11;11m            [0m
[10;1H[48;2;11;11;11m            [0m[10;13H[48;2;11;11;11m    [0m[10;17H[38;2;181;181;181;48;2;11;11;11mAsk anything, summarize YouTube, or compare mode[0m[10;65H[48;2;11;11;11m    [0m[10;69H[48;2;11;11;11m            [0m
[11;1H[48;2;11;11;11m            [0m[11;13H[48;2;11;11;11m    [0m[11;17H[48;2;11;11;11m                                              [0m[11;63H[48;2;11;11;11m  [0m[48;2;11;11;11m    [0m[11;69H[48;2;11;11;11m            [0m
[12;1H[48;2;11;11;11m            [0m[12;13H[48;2;11;11;11m    [0m[12;17H[38;2;138;138;138;48;2;11;11;11mtab agents    ctrl+p commands    esc interrupt[0m[12;63H[48;2;11;11;11m  [0m[48;2;11;11;11m    [0m[12;69H[48;2;11;11;11m            [0m
[13;1H[48;2;11;11;11m            [0m[13;13H[48;2;11;11;11m    [0m[48;2;11;11;11m                                                [0m[48;2;11;11;11m    [0m[13;69H[48;2;11;11;11m            [0m
[14;1H[48;2;11;11;11m            [0m[14;13H[48;2;11;11;11m    [0m[48;2;11;11;11m                                                [0m[48;2;11;11;11m    [0m[14;69H[48;2;11;11;11m            [0m
[15;1H[48;2;11;11;11m            [0m[15;13H[48;2;11;11;11m    [0m[48;2;11;11;11m                                                [0m[48;2;11;11;11m    [0m[15;69H[48;2;11;11;11m            [0m
[16;1H[48;2;11;11;11m            [0m[16;13H[48;2;11;11;11m    [0m[48;2;11;11;11m                                                [0m[48;2;11;11;11m    [0m[16;69H[48;2;11;11;11m            [0m
[17;1H[48;2;11;11;11m            [0m[17;13H[48;2;11;11;11m    [0m[48;2;11;11;11m                                                [0m[48;2;11;11;11m    [0m[17;69H[48;2;11;11;11m            [0m
[18;1H[48;2;11;11;11m            [0m[18;13H[48;2;11;11;11m    [0m[48;2;11;11;11m                                                [0m[48;2;11;11;11m    [0m[18;69H[48;2;11;11;11m            [0m
[19;1H[48;2;11;11;11m            [0m[19;13H[48;2;11;11;11m    [0m[48;2;11;11;11m                                                [0m[48;2;11;11;11m    [0m[19;69H[48;2;11;11;11m            [0m
[20;1H[48;2;11;11;11m            [0m[20;13H[48;2;11;11;11m    [0m[48;2;11;11;11m                                                [0m[48;2;11;11;11m    [0m[20;69H[48;2;11;11;11m            [0m
[21;1H[48;2;11;11;11m            [0m[21;13H[48;2;11;11;11m    [0m[48;2;11;11;11m                                                [0m[48;2;11;11;11m    [0m[21;69H[48;2;11;11;11m            [0m
[22;1H[48;2;11;11;11m            [0m[22;13H[48;2;11;11;11m    [0m[48;2;11;11;11m                                                [0m[48;2;11;11;11m    [0m[22;69H[48;2;11;11;11m            [0m
[23;1H[48;2;11;11;11m            [0m[23;13H[48;2;11;11;11m                                                        [0m[23;69H[48;2;11;11;11m            [0m
[24;1H[48;2;11;11;11m            [0m[24;13H[48;2;11;11;11m                                                        [0m[24;69H[48;2;11;11;11m            [0m[2;5H[?2026l[?2026h[1;2H[38;2;45;45;45;48;2;11;11;11m▔▔▔▔▔▔▔▔▔▔▔▔▔▔▔▔[0m[1;18H
[2;2H[48;2;11;11;11m      [0m[1;38;2;0;215;255;48;2;11;11;11m H [0m[48;2;11;11;11m       [0m[2;18H
[3;2H[38;2;13;13;13;48;2;11;11;11m▁▁▁▁▁▁▁▁▁▁▁▁▁▁▁▁[0m[3;18H
[6;17H[1;38;2;230;230;230;48;2;11;11;11mirir[0m[6;21H
[7;17H[48;2;11;11;11m            [0m[7;29H
[8;17H[38;2;140;140;140;48;2;11;11;11mAI assistant[0m[8;29H
[9;17H[48;2;11;11;11m                                                [0m[9;65H
[10;17H[38;2;181;181;181;48;2;11;11;11mAsk anything, summarize YouTube, or compare mode[0m[10;65H
[11;17H[48;2;11;11;11m                                              [0m[11;63H
[12;17H[38;2;138;138;138;48;2;11;11;11mtab agents    ctrl+p commands    esc interrupt[0m[12;63H[2;5H[?2026l[?2026h[1;1H[48;2;11;11;11m [0m[38;2;45;45;45;48;2;11;11;11m▔▔▔▔▔▔▔▔▔▔▔▔▔▔▔▔[0m[48;2;11;11;11m [0m[38;2;45;45;45;48;2;11;11;11m▔▔▔▔▔▔▔▔▔▔▔▔▔▔▔▔[0m[48;2;11;11;11m                                              [0m
[2;1H[48;2;11;11;11m [0m[48;2;11;11;11m      [0m[1;38;2;0;215;255;48;2;11;11;11m H [0m[48;2;11;11;11m       [0m[48;2;11;11;11m [0m[48;2;11;11;11m      [0m[1;38;2;102;102;102;48;2;11;11;11m C [0m[48;2;11;11;11m       [0m[48;2;11;11;11m                                              [0m
[3;1H[48;2;11;11;11m [0m[38;2;13;13;13;48;2;11;11;11m▁▁▁▁▁▁▁▁▁▁▁▁▁▁▁▁[0m[48;2;11;11;11m [0m[38;2;13;13;13;48;2;11;11;11m▁▁▁▁▁▁▁▁▁▁▁▁▁▁▁▁[0m[48;2;11;11;11m                                              [0m
[4;1H[48;2;11;11;11m            [0m[48;2;11;11;11m                                                        [0m[48;2;11;11;11m            [0m
[5;1H[48;2;11;11;11m            [0m[48;2;11;11;11m                                                        [0m[48;2;11;11;11m            [0m
[6;1H[48;2;11;11;11m            [0m[48;2;11;11;11m    [0m[1;38;2;230;230;230;48;2;11;11;11mirir[0m[48;2;11;11;11m                                            [0m[48;2;11;11;11m    [0m[48;2;11;11;11m            [0m
[7;1H[48;2;11;11;11m            [0m[48;2;11;11;11m    [0m[48;2;11;11;11m            [0m[48;2;11;11;11m                                    [0m[48;2;11;11;11m    [0m[48;2;11;11;11m            [0m
[8;1H[48;2;11;11;11m            [0m[48;2;11;11;11m    [0m[38;2;140;140;140;48;2;11;11;11mAI assistant[0m[48;2;11;11;11m                                    [0m[48;2;11;11;11m    [0m[48;2;11;11;11m            [0m
[9;1H[48;2;11;11;11m            [0m[48;2;11;11;11m    [0m[48;2;11;11;11m                                                [0m[48;2;11;11;11m    [0m[48;2;11;11;11m            [0m
[10;1H[48;2;11;11;11m            [0m[48;2;11;11;11m    [0m[38;2;181;181;181;48;2;11;11;11mAsk anything, summarize YouTube, or compare mode[0m[48;2;11;11;11m    [0m[48;2;11;11;11m            [0m
[11;1H[48;2;11;11;11m            [0m[48;2;11;11;11m    [0m[48;2;11;11;11m                                              [0m[48;2;11;11;11m  [0m[48;2;11;11;11m    [0m[48;2;11;11;11m            [0m
[12;1H[48;2;11;11;11m            [0m[48;2;11;11;11m    [0m[38;2;138;138;138;48;2;11;11;11mtab agents    ctrl+p commands    esc interrupt[0m[48;2;11;11;11m  [0m[48;2;11;11;11m    [0m[48;2;11;11;11m            [0m
[13;1H[48;2;11;11;11m            [0m[48;2;11;11;11m    [0m[48;2;11;11;11m                                                [0m[48;2;11;11;11m    [0m[48;2;11;11;11m            [0m
[14;1H[48;2;11;11;11m            [0m[48;2;11;11;11m    [0m[48;2;11;11;11m                                                [0m[48;2;11;11;11m    [0m[48;2;11;11;11m            [0m
[15;1H[48;2;11;11;11m            [0m[48;2;11;11;11m    [0m[48;2;11;11;11m                                                [0m[48;2;11;11;11m    [0m[48;2;11;11;11m            [0m
[16;1H[48;2;11;11;11m            [0m[48;2;11;11;11m    [0m[48;2;11;11;11m                                                [0m[48;2;11;11;11m    [0m[48;2;11;11;11m            [0m
[17;1H[48;2;11;11;11m            [0m[48;2;11;11;11m    [0m[48;2;11;11;11m                                                [0m[48;2;11;11;11m    [0m[48;2;11;11;11m            [0m
[18;1H[48;2;11;11;11m            [0m[48;2;11;11;11m    [0m[48;2;11;11;11m                                                [0m[48;2;11;11;11m    [0m[48;2;11;11;11m            [0m
[19;1H[48;2;11;11;11m            [0m[48;2;11;11;11m    [0m[48;2;11;11;11m                                                [0m[48;2;11;11;11m    [0m[48;2;11;11;11m            [0m
[20;1H[48;2;11;11;11m            [0m[48;2;11;11;11m    [0m[48;2;11;11;11m                                                [0m[48;2;11;11;11m    [0m[48;2;11;11;11m            [0m
[21;1H[48;2;11;11;11m            [0m[48;2;11;11;11m    [0m[48;2;11;11;11m                                                [0m[48;2;11;11;11m    [0m[48;2;11;11;11m            [0m
[22;1H[48;2;11;11;11m            [0m[48;2;11;11;11m    [0m[48;2;11;11;11m                                                [0m[48;2;11;11;11m    [0m[48;2;11;11;11m            [0m
[23;1H[48;2;11;11;11m            [0m[48;2;11;11;11m                                                        [0m[48;2;11;11;11m            [0m
[24;1H[48;2;11;11;11m            [0m[48;2;11;11;11m                                                        [0m[48;2;11;11;11m            [0m[2;5H[?2026l